[100%] Built target dynamixel_sdk
-- Install configuration: ""
-- Up-to-date: /home/mpcmeulensteen/blackboard_ws/install/dynamixel_sdk/include/
-- Up-to-date: /home/mpcmeulensteen/blackboard_ws/install/dynamixel_sdk/include//dynamixel_sdk
-- Up-to-date: /home/mpcmeulensteen/blackboard_ws/install/dynamixel_sdk/include//dynamixel_sdk/port_handler.h
-- Up-to-date: /home/mpcmeulensteen/blackboard_ws/install/dynamixel_sdk/include//dynamixel_sdk/packet_handler.h
-- Up-to-date: /home/mpcmeulensteen/blackboard_ws/install/dynamixel_sdk/include//dynamixel_sdk/protocol2_packet_handler.h
-- Up-to-date: /home/mpcmeulensteen/blackboard_ws/install/dynamixel_sdk/include//dynamixel_sdk/group_bulk_read.h
-- Up-to-date: /home/mpcmeulensteen/blackboard_ws/install/dynamixel_sdk/include//dynamixel_sdk/group_bulk_write.h
-- Up-to-date: /home/mpcmeulensteen/blackboard_ws/install/dynamixel_sdk/include//dynamixel_sdk/protocol1_packet_handler.h
-- Up-to-date: /home/mpcmeulensteen/blackboard_ws/install/dynamixel_sdk/include//dynamixel_sdk/dynamixel_sdk.h
-- Up-to-date: /home/mpcmeulensteen/blackboard_ws/install/dynamixel_sdk/include//dynamixel_sdk/port_handler_arduino.h
-- Up-to-date: /home/mpcmeulensteen/blackboard_ws/install/dynamixel_sdk/include//dynamixel_sdk/group_sync_write.h
-- Up-to-date: /home/mpcmeulensteen/blackboard_ws/install/dynamixel_sdk/include//dynamixel_sdk/port_handler_windows.h
-- Up-to-date: /home/mpcmeulensteen/blackboard_ws/install/dynamixel_sdk/include//dynamixel_sdk/port_handler_mac.h
-- Up-to-date: /home/mpcmeulensteen/blackboard_ws/install/dynamixel_sdk/include//dynamixel_sdk/port_handler_linux.h
-- Up-to-date: /home/mpcmeulensteen/blackboard_ws/install/dynamixel_sdk/include//dynamixel_sdk/group_sync_read.h
-- Up-to-date: /home/mpcmeulensteen/blackboard_ws/install/dynamixel_sdk/lib/libdynamixel_sdk.so
-- Up-to-date: /home/mpcmeulensteen/blackboard_ws/install/dynamixel_sdk/share/dynamixel_sdk/environment/library_path.sh
-- Up-to-date: /home/mpcmeulensteen/blackboard_ws/install/dynamixel_sdk/share/dynamixel_sdk/environment/library_path.dsv
-- Up-to-date: /home/mpcmeulensteen/blackboard_ws/install/dynamixel_sdk/share/ament_index/resource_index/package_run_dependencies/dynamixel_sdk
-- Up-to-date: /home/mpcmeulensteen/blackboard_ws/install/dynamixel_sdk/share/ament_index/resource_index/parent_prefix_path/dynamixel_sdk
-- Up-to-date: /home/mpcmeulensteen/blackboard_ws/install/dynamixel_sdk/share/dynamixel_sdk/environment/ament_prefix_path.sh
-- Up-to-date: /home/mpcmeulensteen/blackboard_ws/install/dynamixel_sdk/share/dynamixel_sdk/environment/ament_prefix_path.dsv
-- Up-to-date: /home/mpcmeulensteen/blackboard_ws/install/dynamixel_sdk/share/dynamixel_sdk/environment/path.sh
-- Up-to-date: /home/mpcmeulensteen/blackboard_ws/install/dynamixel_sdk/share/dynamixel_sdk/environment/path.dsv
-- Up-to-date: /home/mpcmeulensteen/blackboard_ws/install/dynamixel_sdk/share/dynamixel_sdk/local_setup.bash
-- Up-to-date: /home/mpcmeulensteen/blackboard_ws/install/dynamixel_sdk/share/dynamixel_sdk/local_setup.sh
-- Up-to-date: /home/mpcmeulensteen/blackboard_ws/install/dynamixel_sdk/share/dynamixel_sdk/local_setup.zsh
-- Up-to-date: /home/mpcmeulensteen/blackboard_ws/install/dynamixel_sdk/share/dynamixel_sdk/local_setup.dsv
-- Installing: /home/mpcmeulensteen/blackboard_ws/install/dynamixel_sdk/share/dynamixel_sdk/package.dsv
-- Up-to-date: /home/mpcmeulensteen/blackboard_ws/install/dynamixel_sdk/share/ament_index/resource_index/packages/dynamixel_sdk
-- Up-to-date: /home/mpcmeulensteen/blackboard_ws/install/dynamixel_sdk/share/dynamixel_sdk/cmake/ament_cmake_export_include_directories-extras.cmake
-- Up-to-date: /home/mpcmeulensteen/blackboard_ws/install/dynamixel_sdk/share/dynamixel_sdk/cmake/ament_cmake_export_libraries-extras.cmake
-- Up-to-date: /home/mpcmeulensteen/blackboard_ws/install/dynamixel_sdk/share/dynamixel_sdk/cmake/dynamixel_sdkConfig.cmake
-- Up-to-date: /home/mpcmeulensteen/blackboard_ws/install/dynamixel_sdk/share/dynamixel_sdk/cmake/dynamixel_sdkConfig-version.cmake
-- Up-to-date: /home/mpcmeulensteen/blackboard_ws/install/dynamixel_sdk/share/dynamixel_sdk/package.xml
Traceback (most recent call last):
  File "/usr/lib/python3/dist-packages/colcon_parallel_executor/executor/parallel.py", line 67, in execute
    loop.run_until_complete(future)
  File "/usr/lib/python3.8/asyncio/base_events.py", line 603, in run_until_complete
    self.run_forever()
  File "/usr/lib/python3.8/asyncio/base_events.py", line 570, in run_forever
    self._run_once()
  File "/usr/lib/python3.8/asyncio/base_events.py", line 1823, in _run_once
    event_list = self._selector.select(timeout)
  File "/usr/lib/python3.8/selectors.py", line 468, in select
    fd_event_list = self._selector.poll(timeout, max_ev)
KeyboardInterrupt

During handling of the above exception, another exception occurred:

Traceback (most recent call last):
  File "/usr/lib/python3/dist-packages/colcon_core/executor/__init__.py", line 91, in __call__
    rc = await self.task(*args, **kwargs)
  File "/usr/lib/python3/dist-packages/colcon_core/task/__init__.py", line 93, in __call__
    return await task_method(*args, **kwargs)
  File "/usr/lib/python3/dist-packages/colcon_ros/task/ament_cmake/build.py", line 65, in build
    has_install_target = await has_target(args.build_base, 'install')
  File "/usr/lib/python3/dist-packages/colcon_cmake/task/cmake/__init__.py", line 57, in has_target
    return target in await get_makefile_targets(path)
  File "/usr/lib/python3/dist-packages/colcon_cmake/task/cmake/__init__.py", line 77, in get_makefile_targets
    output = await check_output([
  File "/usr/lib/python3/dist-packages/colcon_core/subprocess.py", line 109, in check_output
    assert not rc, \
AssertionError: Expected ['/usr/bin/cmake', '--build', '/home/mpcmeulensteen/blackboard_ws/build/dynamixel_sdk', '--target', 'help'] to pass: 
