[100%] Built target turtlebot3_fake_node
-- Install configuration: ""
-- Up-to-date: /home/mpcmeulensteen/blackboard_ws/install/turtlebot3_fake_node/lib/turtlebot3_fake_node/turtlebot3_fake_node
-- Up-to-date: /home/mpcmeulensteen/blackboard_ws/install/turtlebot3_fake_node/share/turtlebot3_fake_node/launch
-- Up-to-date: /home/mpcmeulensteen/blackboard_ws/install/turtlebot3_fake_node/share/turtlebot3_fake_node/launch/rviz2.launch.py
-- Up-to-date: /home/mpcmeulensteen/blackboard_ws/install/turtlebot3_fake_node/share/turtlebot3_fake_node/launch/turtlebot3_fake_node.launch.py
-- Up-to-date: /home/mpcmeulensteen/blackboard_ws/install/turtlebot3_fake_node/share/turtlebot3_fake_node/param
-- Up-to-date: /home/mpcmeulensteen/blackboard_ws/install/turtlebot3_fake_node/share/turtlebot3_fake_node/param/waffle.yaml
-- Up-to-date: /home/mpcmeulensteen/blackboard_ws/install/turtlebot3_fake_node/share/turtlebot3_fake_node/param/burger.yaml
-- Up-to-date: /home/mpcmeulensteen/blackboard_ws/install/turtlebot3_fake_node/share/turtlebot3_fake_node/param/waffle_pi.yaml
-- Up-to-date: /home/mpcmeulensteen/blackboard_ws/install/turtlebot3_fake_node/share/turtlebot3_fake_node/rviz
-- Up-to-date: /home/mpcmeulensteen/blackboard_ws/install/turtlebot3_fake_node/share/turtlebot3_fake_node/rviz/model.rviz
-- Up-to-date: /home/mpcmeulensteen/blackboard_ws/install/turtlebot3_fake_node/include/
-- Up-to-date: /home/mpcmeulensteen/blackboard_ws/install/turtlebot3_fake_node/include//turtlebot3_fake_node
-- Up-to-date: /home/mpcmeulensteen/blackboard_ws/install/turtlebot3_fake_node/include//turtlebot3_fake_node/turtlebot3_fake_node.hpp
-- Up-to-date: /home/mpcmeulensteen/blackboard_ws/install/turtlebot3_fake_node/share/ament_index/resource_index/package_run_dependencies/turtlebot3_fake_node
-- Up-to-date: /home/mpcmeulensteen/blackboard_ws/install/turtlebot3_fake_node/share/ament_index/resource_index/parent_prefix_path/turtlebot3_fake_node
-- Up-to-date: /home/mpcmeulensteen/blackboard_ws/install/turtlebot3_fake_node/share/turtlebot3_fake_node/environment/ament_prefix_path.sh
-- Up-to-date: /home/mpcmeulensteen/blackboard_ws/install/turtlebot3_fake_node/share/turtlebot3_fake_node/environment/ament_prefix_path.dsv
-- Up-to-date: /home/mpcmeulensteen/blackboard_ws/install/turtlebot3_fake_node/share/turtlebot3_fake_node/environment/path.sh
-- Up-to-date: /home/mpcmeulensteen/blackboard_ws/install/turtlebot3_fake_node/share/turtlebot3_fake_node/environment/path.dsv
-- Up-to-date: /home/mpcmeulensteen/blackboard_ws/install/turtlebot3_fake_node/share/turtlebot3_fake_node/local_setup.bash
-- Up-to-date: /home/mpcmeulensteen/blackboard_ws/install/turtlebot3_fake_node/share/turtlebot3_fake_node/local_setup.sh
-- Up-to-date: /home/mpcmeulensteen/blackboard_ws/install/turtlebot3_fake_node/share/turtlebot3_fake_node/local_setup.zsh
-- Up-to-date: /home/mpcmeulensteen/blackboard_ws/install/turtlebot3_fake_node/share/turtlebot3_fake_node/local_setup.dsv
-- Installing: /home/mpcmeulensteen/blackboard_ws/install/turtlebot3_fake_node/share/turtlebot3_fake_node/package.dsv
-- Up-to-date: /home/mpcmeulensteen/blackboard_ws/install/turtlebot3_fake_node/share/ament_index/resource_index/packages/turtlebot3_fake_node
-- Up-to-date: /home/mpcmeulensteen/blackboard_ws/install/turtlebot3_fake_node/share/turtlebot3_fake_node/cmake/ament_cmake_export_include_directories-extras.cmake
-- Up-to-date: /home/mpcmeulensteen/blackboard_ws/install/turtlebot3_fake_node/share/turtlebot3_fake_node/cmake/ament_cmake_export_dependencies-extras.cmake
-- Up-to-date: /home/mpcmeulensteen/blackboard_ws/install/turtlebot3_fake_node/share/turtlebot3_fake_node/cmake/turtlebot3_fake_nodeConfig.cmake
-- Up-to-date: /home/mpcmeulensteen/blackboard_ws/install/turtlebot3_fake_node/share/turtlebot3_fake_node/cmake/turtlebot3_fake_nodeConfig-version.cmake
-- Up-to-date: /home/mpcmeulensteen/blackboard_ws/install/turtlebot3_fake_node/share/turtlebot3_fake_node/package.xml
Traceback (most recent call last):
  File "/usr/lib/python3/dist-packages/colcon_parallel_executor/executor/parallel.py", line 67, in execute
    loop.run_until_complete(future)
  File "/usr/lib/python3.8/asyncio/base_events.py", line 603, in run_until_complete
    self.run_forever()
  File "/usr/lib/python3.8/asyncio/base_events.py", line 570, in run_forever
    self._run_once()
  File "/usr/lib/python3.8/asyncio/base_events.py", line 1823, in _run_once
    event_list = self._selector.select(timeout)
  File "/usr/lib/python3.8/selectors.py", line 468, in select
    fd_event_list = self._selector.poll(timeout, max_ev)
KeyboardInterrupt

During handling of the above exception, another exception occurred:

Traceback (most recent call last):
  File "/usr/lib/python3/dist-packages/colcon_core/executor/__init__.py", line 91, in __call__
    rc = await self.task(*args, **kwargs)
  File "/usr/lib/python3/dist-packages/colcon_core/task/__init__.py", line 93, in __call__
    return await task_method(*args, **kwargs)
  File "/usr/lib/python3/dist-packages/colcon_ros/task/ament_cmake/build.py", line 65, in build
    has_install_target = await has_target(args.build_base, 'install')
  File "/usr/lib/python3/dist-packages/colcon_cmake/task/cmake/__init__.py", line 57, in has_target
    return target in await get_makefile_targets(path)
  File "/usr/lib/python3/dist-packages/colcon_cmake/task/cmake/__init__.py", line 77, in get_makefile_targets
    output = await check_output([
  File "/usr/lib/python3/dist-packages/colcon_core/subprocess.py", line 109, in check_output
    assert not rc, \
AssertionError: Expected ['/usr/bin/cmake', '--build', '/home/mpcmeulensteen/blackboard_ws/build/turtlebot3_fake_node', '--target', 'help'] to pass: make: *** wait: No child processes.  Stop.
make: *** Waiting for unfinished jobs....
make: *** wait: No child processes.  Stop.

