[0.048s] Invoking command in '/home/mpcmeulensteen/blackboard_ws/build/message_pkg': CMAKE_PREFIX_PATH=${CMAKE_PREFIX_PATH}:/home/mpcmeulensteen/turtlebot3_ws/install/turtlebot3_teleop:/home/mpcmeulensteen/turtlebot3_ws/install/turtlebot3_example:/home/mpcmeulensteen/colcon_ws/install/turtlebot3_teleop:/home/mpcmeulensteen/colcon_ws/install/turtlebot3_example:/opt/ros/foxy /usr/bin/cmake /home/mpcmeulensteen/blackboard_ws/src/message_pkg -DCMAKE_INSTALL_PREFIX=/home/mpcmeulensteen/blackboard_ws/install/message_pkg
[0.080s] -- Found ament_cmake: 0.9.9 (/opt/ros/foxy/share/ament_cmake/cmake)
[0.134s] -- Found PythonInterp: /usr/bin/python3 (found suitable version "3.8.10", minimum required is "3") 
[0.134s] -- Using PYTHON_EXECUTABLE: /usr/bin/python3
[0.479s] -- Found rosidl_default_generators: 1.0.1 (/opt/ros/foxy/share/rosidl_default_generators/cmake)
[0.495s] -- Using all available rosidl_typesupport_c: rosidl_typesupport_fastrtps_c;rosidl_typesupport_introspection_c
[0.502s] -- Found rosidl_adapter: 1.2.1 (/opt/ros/foxy/share/rosidl_adapter/cmake)
[0.767s] -- Using all available rosidl_typesupport_cpp: rosidl_typesupport_fastrtps_cpp;rosidl_typesupport_introspection_cpp
[0.865s] -- Found PythonInterp: /usr/bin/python3 (found version "3.8.10") 
[1.136s] -- Found ament_cmake_ros: 0.9.2 (/opt/ros/foxy/share/ament_cmake_ros/cmake)
[1.361s] -- Using all available rosidl_typesupport_c: rosidl_typesupport_fastrtps_c;rosidl_typesupport_introspection_c
[1.384s] -- Using all available rosidl_typesupport_cpp: rosidl_typesupport_fastrtps_cpp;rosidl_typesupport_introspection_cpp
[1.451s] -- Found PythonInterp: /usr/bin/python3 (found suitable version "3.8.10", minimum required is "3.5") 
[1.459s] -- Found python_cmake_module: 0.8.1 (/opt/ros/foxy/share/python_cmake_module/cmake)
[1.530s] -- Found PythonLibs: /usr/lib/x86_64-linux-gnu/libpython3.8.so (found suitable version "3.8.10", minimum required is "3.5") 
[1.530s] -- Using PYTHON_EXECUTABLE: /usr/bin/python3
[1.530s] -- Using PYTHON_INCLUDE_DIRS: /usr/include/python3.8
[1.530s] -- Using PYTHON_LIBRARIES: /usr/lib/x86_64-linux-gnu/libpython3.8.so
[1.579s] -- Found PythonExtra: .so  
[1.683s] -- Found ament_lint_auto: 0.9.6 (/opt/ros/foxy/share/ament_lint_auto/cmake)
[1.788s] -- Added test 'copyright' to check source files copyright and LICENSE
[1.796s] -- Added test 'lint_cmake' to check CMake code style
[1.802s] -- Added test 'xmllint' to check XML markup files
[1.809s] -- Configuring done
[1.902s] -- Generating done
[1.909s] -- Build files have been written to: /home/mpcmeulensteen/blackboard_ws/build/message_pkg
[1.921s] Invoked command in '/home/mpcmeulensteen/blackboard_ws/build/message_pkg' returned '0': CMAKE_PREFIX_PATH=${CMAKE_PREFIX_PATH}:/home/mpcmeulensteen/turtlebot3_ws/install/turtlebot3_teleop:/home/mpcmeulensteen/turtlebot3_ws/install/turtlebot3_example:/home/mpcmeulensteen/colcon_ws/install/turtlebot3_teleop:/home/mpcmeulensteen/colcon_ws/install/turtlebot3_example:/opt/ros/foxy /usr/bin/cmake /home/mpcmeulensteen/blackboard_ws/src/message_pkg -DCMAKE_INSTALL_PREFIX=/home/mpcmeulensteen/blackboard_ws/install/message_pkg
[1.928s] Invoking command in '/home/mpcmeulensteen/blackboard_ws/build/message_pkg': CMAKE_PREFIX_PATH=${CMAKE_PREFIX_PATH}:/home/mpcmeulensteen/turtlebot3_ws/install/turtlebot3_teleop:/home/mpcmeulensteen/turtlebot3_ws/install/turtlebot3_example:/home/mpcmeulensteen/colcon_ws/install/turtlebot3_teleop:/home/mpcmeulensteen/colcon_ws/install/turtlebot3_example:/opt/ros/foxy /usr/bin/cmake --build /home/mpcmeulensteen/blackboard_ws/build/message_pkg -- -j2 -l2
[2.034s] [35m[1mScanning dependencies of target message_pkg__cpp[0m
[2.040s] [  1%] [34m[1mGenerating C code for ROS interfaces[0m
[2.062s] [  3%] [34m[1mGenerating C++ code for ROS interfaces[0m
[3.616s] [35m[1mScanning dependencies of target message_pkg__rosidl_generator_c[0m
[3.645s] [  4%] [32mBuilding C object CMakeFiles/message_pkg__rosidl_generator_c.dir/rosidl_generator_c/message_pkg/msg/detail/b_bbackup__functions.c.o[0m
[3.646s] [  4%] Built target message_pkg__cpp
[3.683s] [  6%] [34m[1mGenerating C++ type support dispatch for ROS interfaces[0m
[4.045s] [  7%] [32mBuilding C object CMakeFiles/message_pkg__rosidl_generator_c.dir/rosidl_generator_c/message_pkg/msg/detail/b_bsynch__functions.c.o[0m
[4.094s] In file included from [01m[K/home/mpcmeulensteen/blackboard_ws/build/message_pkg/rosidl_generator_c/message_pkg/msg/detail/b_bsynch__functions.h:19[m[K,
[4.094s]                  from [01m[K/home/mpcmeulensteen/blackboard_ws/build/message_pkg/rosidl_generator_c/message_pkg/msg/detail/b_bsynch__functions.c:4[m[K:
[4.094s] [01m[K/home/mpcmeulensteen/blackboard_ws/build/message_pkg/rosidl_generator_c/message_pkg/msg/detail/b_bsynch__struct.h:22:10:[m[K [01;31m[Kfatal error: [m[Kblackboard/msg/detail/task_msg__struct.h: No such file or directory
[4.095s]    22 | #include [01;31m[K"blackboard/msg/detail/task_msg__struct.h"[m[K
[4.095s]       |          [01;31m[K^~~~~~~~~~~~~~~~~~~~~~~~~~~~~~~~~~~~~~~~~~[m[K
[4.095s] compilation terminated.
[4.100s] make[2]: *** [CMakeFiles/message_pkg__rosidl_generator_c.dir/build.make:169: CMakeFiles/message_pkg__rosidl_generator_c.dir/rosidl_generator_c/message_pkg/msg/detail/b_bsynch__functions.c.o] Error 1
[4.101s] make[1]: *** [CMakeFiles/Makefile2:334: CMakeFiles/message_pkg__rosidl_generator_c.dir/all] Error 2
[4.101s] make[1]: *** Waiting for unfinished jobs....
[4.547s] [35m[1mScanning dependencies of target message_pkg__rosidl_typesupport_cpp[0m
[4.592s] [ 11%] [32mBuilding CXX object CMakeFiles/message_pkg__rosidl_typesupport_cpp.dir/rosidl_typesupport_cpp/message_pkg/msg/b_bsynch__type_support.cpp.o[0m
[4.592s] [ 11%] [32mBuilding CXX object CMakeFiles/message_pkg__rosidl_typesupport_cpp.dir/rosidl_typesupport_cpp/message_pkg/msg/b_bbackup__type_support.cpp.o[0m
[4.827s] In file included from [01m[K/home/mpcmeulensteen/blackboard_ws/build/message_pkg/rosidl_typesupport_cpp/message_pkg/msg/b_bsynch__type_support.cpp:7[m[K:
[4.828s] [01m[K/home/mpcmeulensteen/blackboard_ws/build/message_pkg/rosidl_generator_cpp/message_pkg/msg/detail/b_bsynch__struct.hpp:19:10:[m[K [01;31m[Kfatal error: [m[Kblackboard/msg/detail/task_msg__struct.hpp: No such file or directory
[4.828s]    19 | #include [01;31m[K"blackboard/msg/detail/task_msg__struct.hpp"[m[K
[4.828s]       |          [01;31m[K^~~~~~~~~~~~~~~~~~~~~~~~~~~~~~~~~~~~~~~~~~~~[m[K
[4.828s] compilation terminated.
[4.836s] make[2]: *** [CMakeFiles/message_pkg__rosidl_typesupport_cpp.dir/build.make:102: CMakeFiles/message_pkg__rosidl_typesupport_cpp.dir/rosidl_typesupport_cpp/message_pkg/msg/b_bsynch__type_support.cpp.o] Error 1
[4.836s] make[2]: *** Waiting for unfinished jobs....
[5.401s] make[1]: *** [CMakeFiles/Makefile2:526: CMakeFiles/message_pkg__rosidl_typesupport_cpp.dir/all] Error 2
[5.402s] make: *** [Makefile:141: all] Error 2
[5.411s] Invoked command in '/home/mpcmeulensteen/blackboard_ws/build/message_pkg' returned '2': CMAKE_PREFIX_PATH=${CMAKE_PREFIX_PATH}:/home/mpcmeulensteen/turtlebot3_ws/install/turtlebot3_teleop:/home/mpcmeulensteen/turtlebot3_ws/install/turtlebot3_example:/home/mpcmeulensteen/colcon_ws/install/turtlebot3_teleop:/home/mpcmeulensteen/colcon_ws/install/turtlebot3_example:/opt/ros/foxy /usr/bin/cmake --build /home/mpcmeulensteen/blackboard_ws/build/message_pkg -- -j2 -l2
